<?xml version="1.0" encoding="UTF-8"?>
<testng-results skipped="0" failed="0" ignored="0" total="1" passed="1">
  <reporter-output>
  </reporter-output>
  <suite name="Default suite" duration-ms="5153" started-at="2018-07-03T01:23:05Z" finished-at="2018-07-03T01:23:10Z">
    <groups>
    </groups>
    <test name="Default test" duration-ms="5153" started-at="2018-07-03T01:23:05Z" finished-at="2018-07-03T01:23:10Z">
      <class name="VerifyLoginTestNG.VerifyLogin">
        <test-method status="PASS" signature="launch()[pri:0, instance:VerifyLoginTestNG.VerifyLogin@3d921e20]" name="launch" is-config="true" duration-ms="3395" started-at="2018-07-03T01:23:05Z" finished-at="2018-07-03T01:23:08Z">
          <reporter-output>
          </reporter-output>
        </test-method> <!-- launch -->
        <test-method status="PASS" signature="userLogin()[pri:0, instance:VerifyLoginTestNG.VerifyLogin@3d921e20]" name="userLogin" duration-ms="1733" started-at="2018-07-03T01:23:08Z" finished-at="2018-07-03T01:23:10Z">
          <reporter-output>
          </reporter-output>
        </test-method> <!-- userLogin -->
      </class> <!-- VerifyLoginTestNG.VerifyLogin -->
    </test> <!-- Default test -->
  </suite> <!-- Default suite -->
</testng-results>
