<?xml version="1.0" encoding="UTF-8"?>
<testng-results skipped="0" failed="0" ignored="0" total="1" passed="1">
  <reporter-output>
  </reporter-output>
  <suite name="Default suite" duration-ms="4564" started-at="2018-07-03T04:31:10Z" finished-at="2018-07-03T04:31:14Z">
    <groups>
    </groups>
    <test name="Default test" duration-ms="4564" started-at="2018-07-03T04:31:10Z" finished-at="2018-07-03T04:31:14Z">
      <class name="VerifyLoginTestNG.VerifyLogin">
        <test-method status="PASS" signature="launch()[pri:0, instance:VerifyLoginTestNG.VerifyLogin@4d3167f4]" name="launch" is-config="true" duration-ms="2337" started-at="2018-07-03T04:31:10Z" finished-at="2018-07-03T04:31:12Z">
          <reporter-output>
          </reporter-output>
        </test-method> <!-- launch -->
        <test-method status="PASS" signature="userLogin()[pri:0, instance:VerifyLoginTestNG.VerifyLogin@4d3167f4]" name="userLogin" duration-ms="2074" started-at="2018-07-03T04:31:12Z" finished-at="2018-07-03T04:31:14Z">
          <reporter-output>
          </reporter-output>
        </test-method> <!-- userLogin -->
        <test-method status="PASS" signature="userLogout()[pri:0, instance:VerifyLoginTestNG.VerifyLogin@4d3167f4]" name="userLogout" is-config="true" duration-ms="118" started-at="2018-07-03T04:31:14Z" finished-at="2018-07-03T04:31:14Z">
          <reporter-output>
          </reporter-output>
        </test-method> <!-- userLogout -->
      </class> <!-- VerifyLoginTestNG.VerifyLogin -->
    </test> <!-- Default test -->
  </suite> <!-- Default suite -->
</testng-results>
